lib_base/build/intermediates/manifest_merge_blame_file/release/manifest-merger-blame-release-report.txt
1<?xml version="1.0" encoding="utf-8"?>
2<manifest xmlns:android="http://schemas.android.com/apk/res/android"
3    package="com.cultraview.commonlibrary" >
4
5    <uses-sdk
6        android:minSdkVersion="21"
6-->src\main\AndroidManifest.xml
7        android:targetSdkVersion="32" />
7-->src\main\AndroidManifest.xml
8
9    <uses-permission android:name="android.permission.ACCESS_NETWORK_STATE" />
9-->src\main\AndroidManifest.xml:6:5-79
9-->src\main\AndroidManifest.xml:6:22-76
10    <uses-permission android:name="android.permission.REQUEST_DELETE_PACKAGES" />
10-->src\main\AndroidManifest.xml:7:5-82
10-->src\main\AndroidManifest.xml:7:22-79
11
12</manifest>